{
  "RSpec": {
    "coverage": {
      "/home/congenial-method-3576/tic-tac-toe-rb-ruby-intro-000/lib/tic_tac_toe.rb": [
        null,
        1,
        null,
        null,
        null,
        null,
        null,
        null,
        null,
        null,
        null,
        1,
        26,
        26,
        26,
        26,
        26,
        null,
        null,
        1,
        24,
        null,
        null,
        1,
        23,
        null,
        null,
        1,
        4,
        2,
        2,
        2,
        0,
        0,
        0,
        0,
        null,
        null,
        null,
        1,
        24,
        21,
        3,
        1,
        null,
        null,
        null,
        1,
        21,
        21,
        14,
        7,
        7,
        null,
        null,
        null,
        1,
        22,
        22,
        198,
        32,
        null,
        null,
        22,
        null,
        null,
        1,
        21,
        21,
        21,
        21,
        21,
        20,
        20,
        null,
        1,
        null,
        21,
        null,
        null,
        1,
        43,
        275,
        275,
        275,
        null,
        275,
        275,
        275,
        null,
        275,
        18,
        null,
        null,
        25,
        null,
        null,
        1,
        31,
        158,
        null,
        null,
        null,
        1,
        30,
        21,
        9,
        6,
        null,
        null,
        null,
        1,
        22,
        4,
        18,
        6,
        null,
        null,
        null,
        1,
        7,
        7,
        null,
        6,
        6,
        null,
        null,
        null,
        1,
        12,
        18,
        null,
        null,
        12,
        5,
        5,
        7,
        3,
        null,
        null,
        null
      ]
    },
    "timestamp": 1602878344
  }
}
